<?xml version="1.0" encoding="UTF-8" ?>
<testsuite failures="0" time="0.032" errors="0" skipped="0" tests="2" name="com.keebraa.docs.model.DocumentTest">
  <properties>
    <property name="java.runtime.name" value="Java(TM) SE Runtime Environment"/>
    <property name="sun.boot.library.path" value="D:\dev\java\jdk1.6.0_24\jre\bin"/>
    <property name="java.vm.version" value="19.1-b02"/>
    <property name="java.vm.vendor" value="Sun Microsystems Inc."/>
    <property name="java.vendor.url" value="http://java.sun.com/"/>
    <property name="path.separator" value=";"/>
    <property name="java.vm.name" value="Java HotSpot(TM) Client VM"/>
    <property name="file.encoding.pkg" value="sun.io"/>
    <property name="user.country" value="RU"/>
    <property name="sun.java.launcher" value="SUN_STANDARD"/>
    <property name="sun.os.patch.level" value="Service Pack 3"/>
    <property name="java.vm.specification.name" value="Java Virtual Machine Specification"/>
    <property name="user.dir" value="F:\dev\keebraa-docs\keebraa-docs"/>
    <property name="java.runtime.version" value="1.6.0_24-b07"/>
    <property name="java.awt.graphicsenv" value="sun.awt.Win32GraphicsEnvironment"/>
    <property name="basedir" value="F:\dev\keebraa-docs\keebraa-docs"/>
    <property name="java.endorsed.dirs" value="D:\dev\java\jdk1.6.0_24\jre\lib\endorsed"/>
    <property name="os.arch" value="x86"/>
    <property name="surefire.real.class.path" value="C:\DOCUME~1\VVASYA~1\LOCALS~1\Temp\surefirebooter2097369992871307676.jar"/>
    <property name="java.io.tmpdir" value="C:\DOCUME~1\VVASYA~1\LOCALS~1\Temp\"/>
    <property name="line.separator" value="
"/>
    <property name="java.vm.specification.vendor" value="Sun Microsystems Inc."/>
    <property name="user.variant" value=""/>
    <property name="os.name" value="Windows XP"/>
    <property name="sun.jnu.encoding" value="Cp1252"/>
    <property name="java.library.path" value="D:\dev\java\jdk1.6.0_24\jre\bin;.;C:\WINDOWS\Sun\Java\bin;C:\WINDOWS\system32;C:\WINDOWS;D:\dev\java\jdk1.6.0_25\bin;D:\dev\tools\apache-maven-2.2.1\bin;D:\dev\tools\ant\bin;C:\WINDOWS\system32;C:\WINDOWS;C:\WINDOWS\System32\Wbem;C:\Program Files\Windows Imaging\"/>
    <property name="surefire.test.class.path" value="F:\dev\keebraa-docs\keebraa-docs\target\test-classes;F:\dev\keebraa-docs\keebraa-docs\target\classes;d:\dev\m2_repo\junit\junit\4.9\junit-4.9.jar;d:\dev\m2_repo\org\hamcrest\hamcrest-core\1.1\hamcrest-core-1.1.jar;d:\dev\m2_repo\org\hibernate\hibernate-core\3.6.7.Final\hibernate-core-3.6.7.Final.jar;d:\dev\m2_repo\antlr\antlr\2.7.6\antlr-2.7.6.jar;d:\dev\m2_repo\commons-collections\commons-collections\3.1\commons-collections-3.1.jar;d:\dev\m2_repo\dom4j\dom4j\1.6.1\dom4j-1.6.1.jar;d:\dev\m2_repo\org\hibernate\hibernate-commons-annotations\3.2.0.Final\hibernate-commons-annotations-3.2.0.Final.jar;d:\dev\m2_repo\org\slf4j\slf4j-api\1.6.1\slf4j-api-1.6.1.jar;d:\dev\m2_repo\org\hibernate\javax\persistence\hibernate-jpa-2.0-api\1.0.1.Final\hibernate-jpa-2.0-api-1.0.1.Final.jar;d:\dev\m2_repo\javax\transaction\jta\1.1\jta-1.1.jar;d:\dev\m2_repo\org\hibernate\hibernate-annotations\3.5.6-Final\hibernate-annotations-3.5.6-Final.jar;d:\dev\m2_repo\org\springframework\spring-context\3.0.6.RELEASE\spring-context-3.0.6.RELEASE.jar;d:\dev\m2_repo\org\springframework\spring-aop\3.0.6.RELEASE\spring-aop-3.0.6.RELEASE.jar;d:\dev\m2_repo\aopalliance\aopalliance\1.0\aopalliance-1.0.jar;d:\dev\m2_repo\org\springframework\spring-asm\3.0.6.RELEASE\spring-asm-3.0.6.RELEASE.jar;d:\dev\m2_repo\org\springframework\spring-beans\3.0.6.RELEASE\spring-beans-3.0.6.RELEASE.jar;d:\dev\m2_repo\org\springframework\spring-core\3.0.6.RELEASE\spring-core-3.0.6.RELEASE.jar;d:\dev\m2_repo\commons-logging\commons-logging\1.1.1\commons-logging-1.1.1.jar;d:\dev\m2_repo\org\springframework\spring-expression\3.0.6.RELEASE\spring-expression-3.0.6.RELEASE.jar;d:\dev\m2_repo\org\easymock\easymock\3.0\easymock-3.0.jar;d:\dev\m2_repo\cglib\cglib-nodep\2.2\cglib-nodep-2.2.jar;d:\dev\m2_repo\org\objenesis\objenesis\1.2\objenesis-1.2.jar;"/>
    <property name="java.specification.name" value="Java Platform API Specification"/>
    <property name="java.class.version" value="50.0"/>
    <property name="sun.management.compiler" value="HotSpot Client Compiler"/>
    <property name="os.version" value="5.1"/>
    <property name="user.home" value="C:\Documents and Settings\VVasyanovich"/>
    <property name="user.timezone" value="Europe/Helsinki"/>
    <property name="java.awt.printerjob" value="sun.awt.windows.WPrinterJob"/>
    <property name="java.specification.version" value="1.6"/>
    <property name="file.encoding" value="Cp1251"/>
    <property name="user.name" value="vvasyanovich"/>
    <property name="java.class.path" value="F:\dev\keebraa-docs\keebraa-docs\target\test-classes;F:\dev\keebraa-docs\keebraa-docs\target\classes;d:\dev\m2_repo\junit\junit\4.9\junit-4.9.jar;d:\dev\m2_repo\org\hamcrest\hamcrest-core\1.1\hamcrest-core-1.1.jar;d:\dev\m2_repo\org\hibernate\hibernate-core\3.6.7.Final\hibernate-core-3.6.7.Final.jar;d:\dev\m2_repo\antlr\antlr\2.7.6\antlr-2.7.6.jar;d:\dev\m2_repo\commons-collections\commons-collections\3.1\commons-collections-3.1.jar;d:\dev\m2_repo\dom4j\dom4j\1.6.1\dom4j-1.6.1.jar;d:\dev\m2_repo\org\hibernate\hibernate-commons-annotations\3.2.0.Final\hibernate-commons-annotations-3.2.0.Final.jar;d:\dev\m2_repo\org\slf4j\slf4j-api\1.6.1\slf4j-api-1.6.1.jar;d:\dev\m2_repo\org\hibernate\javax\persistence\hibernate-jpa-2.0-api\1.0.1.Final\hibernate-jpa-2.0-api-1.0.1.Final.jar;d:\dev\m2_repo\javax\transaction\jta\1.1\jta-1.1.jar;d:\dev\m2_repo\org\hibernate\hibernate-annotations\3.5.6-Final\hibernate-annotations-3.5.6-Final.jar;d:\dev\m2_repo\org\springframework\spring-context\3.0.6.RELEASE\spring-context-3.0.6.RELEASE.jar;d:\dev\m2_repo\org\springframework\spring-aop\3.0.6.RELEASE\spring-aop-3.0.6.RELEASE.jar;d:\dev\m2_repo\aopalliance\aopalliance\1.0\aopalliance-1.0.jar;d:\dev\m2_repo\org\springframework\spring-asm\3.0.6.RELEASE\spring-asm-3.0.6.RELEASE.jar;d:\dev\m2_repo\org\springframework\spring-beans\3.0.6.RELEASE\spring-beans-3.0.6.RELEASE.jar;d:\dev\m2_repo\org\springframework\spring-core\3.0.6.RELEASE\spring-core-3.0.6.RELEASE.jar;d:\dev\m2_repo\commons-logging\commons-logging\1.1.1\commons-logging-1.1.1.jar;d:\dev\m2_repo\org\springframework\spring-expression\3.0.6.RELEASE\spring-expression-3.0.6.RELEASE.jar;d:\dev\m2_repo\org\easymock\easymock\3.0\easymock-3.0.jar;d:\dev\m2_repo\cglib\cglib-nodep\2.2\cglib-nodep-2.2.jar;d:\dev\m2_repo\org\objenesis\objenesis\1.2\objenesis-1.2.jar;"/>
    <property name="java.vm.specification.version" value="1.0"/>
    <property name="sun.arch.data.model" value="32"/>
    <property name="java.home" value="D:\dev\java\jdk1.6.0_24\jre"/>
    <property name="java.specification.vendor" value="Sun Microsystems Inc."/>
    <property name="user.language" value="ru"/>
    <property name="awt.toolkit" value="sun.awt.windows.WToolkit"/>
    <property name="java.vm.info" value="mixed mode, sharing"/>
    <property name="java.version" value="1.6.0_24"/>
    <property name="java.ext.dirs" value="D:\dev\java\jdk1.6.0_24\jre\lib\ext;C:\WINDOWS\Sun\Java\lib\ext"/>
    <property name="sun.boot.class.path" value="D:\dev\java\jdk1.6.0_24\jre\lib\resources.jar;D:\dev\java\jdk1.6.0_24\jre\lib\rt.jar;D:\dev\java\jdk1.6.0_24\jre\lib\sunrsasign.jar;D:\dev\java\jdk1.6.0_24\jre\lib\jsse.jar;D:\dev\java\jdk1.6.0_24\jre\lib\jce.jar;D:\dev\java\jdk1.6.0_24\jre\lib\charsets.jar;D:\dev\java\jdk1.6.0_24\jre\lib\modules\jdk.boot.jar;D:\dev\java\jdk1.6.0_24\jre\classes"/>
    <property name="java.vendor" value="Sun Microsystems Inc."/>
    <property name="localRepository" value="d:/dev/m2_repo"/>
    <property name="file.separator" value="\"/>
    <property name="java.vendor.url.bug" value="http://java.sun.com/cgi-bin/bugreport.cgi"/>
    <property name="sun.cpu.endian" value="little"/>
    <property name="sun.io.unicode.encoding" value="UnicodeLittle"/>
    <property name="sun.desktop" value="windows"/>
    <property name="sun.cpu.isalist" value="pentium_pro+mmx pentium_pro pentium+mmx pentium i486 i386 i86"/>
  </properties>
  <testcase time="0" classname="com.keebraa.docs.model.DocumentTest" name="testCreation"/>
  <testcase time="0.016" classname="com.keebraa.docs.model.DocumentTest" name="testSomeState"/>
</testsuite>